Qt-Zhku-Client/android-build/build/intermediates/manifest_merge_blame_file/debug/manifest-merger-blame-debug-report.txt
1<?xml version="1.0" encoding="utf-8"?>
2<manifest xmlns:android="http://schemas.android.com/apk/res/android"
3    package="org.qtproject.example"
4    android:installLocation="auto"
5    android:versionCode="1"
6    android:versionName="1.0" >
7
8    <uses-sdk
8-->Qt-Zhku-Client\android-build\AndroidManifest.xml:3:5-73
9        android:minSdkVersion="21"
9-->Qt-Zhku-Client\android-build\AndroidManifest.xml:3:15-41
10        android:targetSdkVersion="28" />
10-->Qt-Zhku-Client\android-build\AndroidManifest.xml:3:42-71
11
12    <!--
13         The following comment will be replaced upon deployment with default permissions based on the dependencies of the application.
14         Remove the comment if you do not require these default permissions.
15    -->
16    <uses-permission android:name="android.permission.INTERNET" />
16-->Qt-Zhku-Client\android-build\AndroidManifest.xml:7:5-67
16-->Qt-Zhku-Client\android-build\AndroidManifest.xml:7:22-64
17    <uses-permission android:name="android.permission.WRITE_EXTERNAL_STORAGE" />
17-->Qt-Zhku-Client\android-build\AndroidManifest.xml:8:5-81
17-->Qt-Zhku-Client\android-build\AndroidManifest.xml:8:22-78
18    <uses-permission android:name="android.permission.ACCESS_NETWORK_STATE" />
18-->Qt-Zhku-Client\android-build\AndroidManifest.xml:9:5-79
18-->Qt-Zhku-Client\android-build\AndroidManifest.xml:9:22-76
19
20    <!--
21         The following comment will be replaced upon deployment with default features based on the dependencies of the application.
22         Remove the comment if you do not require these default features.
23    -->
24
25    <supports-screens
25-->Qt-Zhku-Client\android-build\AndroidManifest.xml:15:5-135
26        android:anyDensity="true"
26-->Qt-Zhku-Client\android-build\AndroidManifest.xml:15:80-105
27        android:largeScreens="true"
27-->Qt-Zhku-Client\android-build\AndroidManifest.xml:15:23-50
28        android:normalScreens="true"
28-->Qt-Zhku-Client\android-build\AndroidManifest.xml:15:51-79
29        android:smallScreens="true" />
29-->Qt-Zhku-Client\android-build\AndroidManifest.xml:15:106-133
30
31    <application
31-->Qt-Zhku-Client\android-build\AndroidManifest.xml:17:5-87:19
32        android:name="org.qtproject.qt5.android.bindings.QtApplication"
32-->Qt-Zhku-Client\android-build\AndroidManifest.xml:17:53-116
33        android:debuggable="true"
34        android:extractNativeLibs="true"
34-->Qt-Zhku-Client\android-build\AndroidManifest.xml:17:148-180
35        android:hardwareAccelerated="true"
35-->Qt-Zhku-Client\android-build\AndroidManifest.xml:17:18-52
36        android:icon="@drawable/icon"
36-->Qt-Zhku-Client\android-build\AndroidManifest.xml:17:181-210
37        android:label="Qt-Zhku-Client" >
37-->Qt-Zhku-Client\android-build\AndroidManifest.xml:17:117-147
38        <activity
38-->Qt-Zhku-Client\android-build\AndroidManifest.xml:18:9-83:16
39            android:name="org.qtproject.qt5.android.bindings.QtActivity"
39-->Qt-Zhku-Client\android-build\AndroidManifest.xml:18:189-249
40            android:configChanges="orientation|uiMode|screenLayout|screenSize|smallestScreenSize|layoutDirection|locale|fontScale|keyboard|keyboardHidden|navigation|mcc|mnc|density"
40-->Qt-Zhku-Client\android-build\AndroidManifest.xml:18:19-188
41            android:label="仲恺教务网安卓端"
41-->Qt-Zhku-Client\android-build\AndroidManifest.xml:18:250-274
42            android:launchMode="singleTop"
42-->Qt-Zhku-Client\android-build\AndroidManifest.xml:18:315-345
43            android:screenOrientation="unspecified" >
43-->Qt-Zhku-Client\android-build\AndroidManifest.xml:18:275-314
44            <intent-filter>
44-->Qt-Zhku-Client\android-build\AndroidManifest.xml:19:13-22:29
45                <action android:name="android.intent.action.MAIN" />
45-->Qt-Zhku-Client\android-build\AndroidManifest.xml:20:17-68
45-->Qt-Zhku-Client\android-build\AndroidManifest.xml:20:25-66
46
47                <category android:name="android.intent.category.LAUNCHER" />
47-->Qt-Zhku-Client\android-build\AndroidManifest.xml:21:17-76
47-->Qt-Zhku-Client\android-build\AndroidManifest.xml:21:27-74
48            </intent-filter>
49
50            <!-- Application arguments -->
51            <!-- meta-data android:name="android.app.arguments" android:value="arg1 arg2 arg3"/ -->
52            <!-- Application arguments -->
53
54            <meta-data
54-->Qt-Zhku-Client\android-build\AndroidManifest.xml:28:13-92
55                android:name="android.app.lib_name"
55-->Qt-Zhku-Client\android-build\AndroidManifest.xml:28:24-59
56                android:value="Qt-Zhku-Client" />
56-->Qt-Zhku-Client\android-build\AndroidManifest.xml:28:60-90
57            <meta-data
57-->Qt-Zhku-Client\android-build\AndroidManifest.xml:29:13-112
58                android:name="android.app.qt_sources_resource_id"
58-->Qt-Zhku-Client\android-build\AndroidManifest.xml:29:24-73
59                android:resource="@array/qt_sources" />
59-->Qt-Zhku-Client\android-build\AndroidManifest.xml:29:74-110
60            <meta-data
60-->Qt-Zhku-Client\android-build\AndroidManifest.xml:30:13-87
61                android:name="android.app.repository"
61-->Qt-Zhku-Client\android-build\AndroidManifest.xml:30:24-61
62                android:value="default" />
62-->Qt-Zhku-Client\android-build\AndroidManifest.xml:30:62-85
63            <meta-data
63-->Qt-Zhku-Client\android-build\AndroidManifest.xml:31:13-106
64                android:name="android.app.qt_libs_resource_id"
64-->Qt-Zhku-Client\android-build\AndroidManifest.xml:31:24-70
65                android:resource="@array/qt_libs" />
65-->Qt-Zhku-Client\android-build\AndroidManifest.xml:31:71-104
66            <meta-data
66-->Qt-Zhku-Client\android-build\AndroidManifest.xml:32:13-116
67                android:name="android.app.bundled_libs_resource_id"
67-->Qt-Zhku-Client\android-build\AndroidManifest.xml:32:24-75
68                android:resource="@array/bundled_libs" />
68-->Qt-Zhku-Client\android-build\AndroidManifest.xml:32:76-114
69            <!-- Deploy Qt libs as part of package -->
70            <meta-data
70-->Qt-Zhku-Client\android-build\AndroidManifest.xml:34:13-91
71                android:name="android.app.bundle_local_qt_libs"
71-->Qt-Zhku-Client\android-build\AndroidManifest.xml:34:24-71
72                android:value="1" />
72-->Qt-Zhku-Client\android-build\AndroidManifest.xml:34:72-89
73
74            <!-- Run with local libs -->
75            <meta-data
75-->Qt-Zhku-Client\android-build\AndroidManifest.xml:37:13-88
76                android:name="android.app.use_local_qt_libs"
76-->Qt-Zhku-Client\android-build\AndroidManifest.xml:37:24-68
77                android:value="1" />
77-->Qt-Zhku-Client\android-build\AndroidManifest.xml:37:69-86
78            <meta-data
78-->Qt-Zhku-Client\android-build\AndroidManifest.xml:38:13-100
79                android:name="android.app.libs_prefix"
79-->Qt-Zhku-Client\android-build\AndroidManifest.xml:38:24-62
80                android:value="/data/local/tmp/qt/" />
80-->Qt-Zhku-Client\android-build\AndroidManifest.xml:38:63-98
81            <meta-data
81-->Qt-Zhku-Client\android-build\AndroidManifest.xml:39:13-122
82                android:name="android.app.load_local_libs_resource_id"
82-->Qt-Zhku-Client\android-build\AndroidManifest.xml:39:24-78
83                android:resource="@array/load_local_libs" />
83-->Qt-Zhku-Client\android-build\AndroidManifest.xml:39:79-120
84            <meta-data
84-->Qt-Zhku-Client\android-build\AndroidManifest.xml:40:13-126
85                android:name="android.app.load_local_jars"
85-->Qt-Zhku-Client\android-build\AndroidManifest.xml:40:24-66
86                android:value="jar/QtAndroid.jar:jar/QtAndroidBearer.jar" />
86-->Qt-Zhku-Client\android-build\AndroidManifest.xml:40:67-124
87            <meta-data
87-->Qt-Zhku-Client\android-build\AndroidManifest.xml:41:13-89
88                android:name="android.app.static_init_classes"
88-->Qt-Zhku-Client\android-build\AndroidManifest.xml:41:24-70
89                android:value="" />
89-->Qt-Zhku-Client\android-build\AndroidManifest.xml:41:71-87
90            <!-- Used to specify custom system library path to run with local system libs -->
91            <!-- <meta-data android:name="android.app.system_libs_prefix" android:value="/system/lib/"/> -->
92            <!-- Messages maps -->
93            <meta-data
93-->Qt-Zhku-Client\android-build\AndroidManifest.xml:45:13-122
94                android:name="android.app.ministro_not_found_msg"
94-->Qt-Zhku-Client\android-build\AndroidManifest.xml:45:71-120
95                android:value="@string/ministro_not_found_msg" />
95-->Qt-Zhku-Client\android-build\AndroidManifest.xml:45:24-70
96            <meta-data
96-->Qt-Zhku-Client\android-build\AndroidManifest.xml:46:13-116
97                android:name="android.app.ministro_needed_msg"
97-->Qt-Zhku-Client\android-build\AndroidManifest.xml:46:68-114
98                android:value="@string/ministro_needed_msg" />
98-->Qt-Zhku-Client\android-build\AndroidManifest.xml:46:24-67
99            <meta-data
99-->Qt-Zhku-Client\android-build\AndroidManifest.xml:47:13-108
100                android:name="android.app.fatal_error_msg"
100-->Qt-Zhku-Client\android-build\AndroidManifest.xml:47:64-106
101                android:value="@string/fatal_error_msg" />
101-->Qt-Zhku-Client\android-build\AndroidManifest.xml:47:24-63
102            <meta-data
102-->Qt-Zhku-Client\android-build\AndroidManifest.xml:48:13-132
103                android:name="android.app.unsupported_android_version"
103-->Qt-Zhku-Client\android-build\AndroidManifest.xml:48:76-130
104                android:value="@string/unsupported_android_version" />
104-->Qt-Zhku-Client\android-build\AndroidManifest.xml:48:24-75
105            <!-- Messages maps -->
106
107
108            <!-- Splash screen -->
109            <!--
110                 Orientation-specific (portrait/landscape) data is checked first. If not available for current orientation,
111                 then android.app.splash_screen_drawable. For best results, use together with splash_screen_sticky and
112                 use hideSplashScreen() with a fade-out animation from Qt Android Extras to hide the splash screen when you
113                 are done populating your window with content.
114            -->
115            <!-- meta-data android:name="android.app.splash_screen_drawable_portrait" android:resource="@drawable/logo_portrait" / -->
116            <!-- meta-data android:name="android.app.splash_screen_drawable_landscape" android:resource="@drawable/logo_landscape" / -->
117            <!-- meta-data android:name="android.app.splash_screen_drawable" android:resource="@drawable/logo"/ -->
118            <!-- meta-data android:name="android.app.splash_screen_sticky" android:value="true"/ -->
119            <!-- Splash screen -->
120
121
122            <!-- Background running -->
123            <!--
124                 Warning: changing this value to true may cause unexpected crashes if the
125                          application still try to draw after
126                          "applicationStateChanged(Qt::ApplicationSuspended)"
127                          signal is sent!
128            -->
129            <meta-data
129-->Qt-Zhku-Client\android-build\AndroidManifest.xml:67:13-93
130                android:name="android.app.background_running"
130-->Qt-Zhku-Client\android-build\AndroidManifest.xml:67:24-69
131                android:value="false" />
131-->Qt-Zhku-Client\android-build\AndroidManifest.xml:67:70-91
132            <!-- Background running -->
133
134
135            <!-- auto screen scale factor -->
136            <meta-data
136-->Qt-Zhku-Client\android-build\AndroidManifest.xml:71:13-99
137                android:name="android.app.auto_screen_scale_factor"
137-->Qt-Zhku-Client\android-build\AndroidManifest.xml:71:24-75
138                android:value="false" />
138-->Qt-Zhku-Client\android-build\AndroidManifest.xml:71:76-97
139            <!-- auto screen scale factor -->
140
141
142            <!-- extract android style -->
143            <!--
144                 available android:values :
145                * default - In most cases this will be the same as "full", but it can also be something else if needed, e.g., for compatibility reasons
146                * full - useful QWidget & Quick Controls 1 apps
147                * minimal - useful for Quick Controls 2 apps, it is much faster than "full"
148                * none - useful for apps that don't use any of the above Qt modules
149            -->
150            <meta-data
150-->Qt-Zhku-Client\android-build\AndroidManifest.xml:81:13-98
151                android:name="android.app.extract_android_style"
151-->Qt-Zhku-Client\android-build\AndroidManifest.xml:81:24-72
152                android:value="default" />
152-->Qt-Zhku-Client\android-build\AndroidManifest.xml:81:73-96
153            <!-- extract android style -->
154        </activity>
155
156        <!-- For adding service(s) please check: https://wiki.qt.io/AndroidServices -->
157
158    </application>
159
160</manifest>